<?xml version="1.0" encoding="UTF-8"?>
<testng-results ignored="0" total="1" passed="1" failed="0" skipped="0">
  <reporter-output>
  </reporter-output>
  <suite started-at="2023-09-13T18:36:40 IST" name="Default suite" finished-at="2023-09-13T18:37:33 IST" duration-ms="52885">
    <groups>
    </groups>
    <test started-at="2023-09-13T18:36:40 IST" name="Default test" finished-at="2023-09-13T18:37:33 IST" duration-ms="52885">
      <class name="TestCases.SearchPageTest">
        <test-method is-config="true" signature="setup()[pri:0, instance:TestCases.SearchPageTest@29e495ff]" started-at="2023-09-13T18:36:40 IST" name="setup" finished-at="2023-09-13T18:37:19 IST" duration-ms="38160" status="PASS">
          <reporter-output>
          </reporter-output>
        </test-method> <!-- setup -->
        <test-method signature="searchYoutubeTest()[pri:0, instance:TestCases.SearchPageTest@29e495ff]" started-at="2023-09-13T18:37:19 IST" name="searchYoutubeTest" finished-at="2023-09-13T18:37:31 IST" duration-ms="11744" status="PASS">
          <reporter-output>
          </reporter-output>
        </test-method> <!-- searchYoutubeTest -->
        <test-method is-config="true" signature="closeBrower()[pri:0, instance:TestCases.SearchPageTest@29e495ff]" started-at="2023-09-13T18:37:31 IST" name="closeBrower" finished-at="2023-09-13T18:37:33 IST" duration-ms="2609" status="PASS">
          <reporter-output>
          </reporter-output>
        </test-method> <!-- closeBrower -->
      </class> <!-- TestCases.SearchPageTest -->
    </test> <!-- Default test -->
  </suite> <!-- Default suite -->
</testng-results>
